<?xml version="1.0" encoding="UTF-8"?>
<testng-results ignored="0" total="2" passed="2" failed="0" skipped="0">
  <reporter-output>
  </reporter-output>
  <suite started-at="2022-08-30T21:13:03 EET" name="Regression" finished-at="2022-08-30T21:13:21 EET" duration-ms="17494">
    <groups>
      <group name="cucumber">
        <method signature="AbstractTestNGCucumberTests.runScenario(io.cucumber.testng.PickleWrapper,io.cucumber.testng.FeatureWrapper)[pri:0, instance:Tests.RegTest@5efa40fe]" name="runScenario" class="io.cucumber.testng.AbstractTestNGCucumberTests"/>
      </group> <!-- cucumber -->
    </groups>
    <test started-at="2022-08-30T21:13:03 EET" name="Default test" finished-at="2022-08-30T21:13:21 EET" duration-ms="17494">
      <class name="Tests.RegTest">
        <test-method is-config="true" signature="StartDriver(java.lang.String)[pri:0, instance:Tests.RegTest@5efa40fe]" started-at="2022-08-30T21:13:03 EET" name="StartDriver" finished-at="2022-08-30T21:13:16 EET" duration-ms="13341" status="PASS">
          <params>
            <param index="0">
              <value>
                <![CDATA[Chrome]]>
              </value>
            </param>
          </params>
          <reporter-output>
          </reporter-output>
        </test-method> <!-- StartDriver -->
        <test-method is-config="true" signature="setUpClass(org.testng.ITestContext)[pri:0, instance:Tests.RegTest@5efa40fe]" started-at="2022-08-30T21:13:17 EET" name="setUpClass" finished-at="2022-08-30T21:13:17 EET" duration-ms="133" status="PASS">
          <params>
            <param index="0">
              <value>
                <![CDATA[org.testng.TestRunner@3a37a501]]>
              </value>
            </param>
          </params>
          <reporter-output>
          </reporter-output>
        </test-method> <!-- setUpClass -->
        <test-method signature="UserRegTest()[pri:1, instance:Tests.RegTest@5efa40fe]" started-at="2022-08-30T21:13:17 EET" name="UserRegTest" finished-at="2022-08-30T21:13:20 EET" duration-ms="3755" status="PASS">
          <reporter-output>
          </reporter-output>
        </test-method> <!-- UserRegTest -->
        <test-method signature="Result()[pri:2, instance:Tests.RegTest@5efa40fe]" started-at="2022-08-30T21:13:20 EET" name="Result" finished-at="2022-08-30T21:13:21 EET" duration-ms="35" status="PASS">
          <reporter-output>
          </reporter-output>
        </test-method> <!-- Result -->
        <test-method is-config="true" signature="tearDownClass()[pri:0, instance:Tests.RegTest@5efa40fe]" started-at="2022-08-30T21:13:21 EET" name="tearDownClass" finished-at="2022-08-30T21:13:21 EET" duration-ms="25" status="PASS">
          <reporter-output>
          </reporter-output>
        </test-method> <!-- tearDownClass -->
      </class> <!-- Tests.RegTest -->
    </test> <!-- Default test -->
  </suite> <!-- Regression -->
</testng-results>
